Android/App-Perm(Original)/app/build/intermediates/manifest_merge_blame_file/debug/manifest-merger-blame-debug-report.txt
1<?xml version="1.0" encoding="utf-8"?>
2<manifest xmlns:android="http://schemas.android.com/apk/res/android"
3    package="com.example.appPerm"
4    android:versionCode="1"
5    android:versionName="1.0" >
6
7    <uses-sdk
8        android:minSdkVersion="33"
9        android:targetSdkVersion="33" />
10
11    <uses-feature
11-->src\main\AndroidManifest.xml:4:1-6:28
12        android:name="android.hardware.camera"
12-->src\main\AndroidManifest.xml:5:1-39
13        android:required="false" />
13-->src\main\AndroidManifest.xml:6:1-25
14    <uses-feature
14-->src\main\AndroidManifest.xml:7:1-9:28
15        android:name="android.hardware.telephony"
15-->src\main\AndroidManifest.xml:8:1-42
16        android:required="false" />
16-->src\main\AndroidManifest.xml:9:1-25
17
18    <permission-group
18-->src\main\AndroidManifest.xml:10:5-13:38
19        android:name="appperm.permission-group.TEST_GROUP"
19-->src\main\AndroidManifest.xml:11:9-59
20        android:description="@string/descripcion_grupo_prueba"
20-->src\main\AndroidManifest.xml:12:9-63
21        android:label="TEST_GROUP" />
21-->src\main\AndroidManifest.xml:13:9-35
22    <permission-group
22-->src\main\AndroidManifest.xml:14:5-17:38
23        android:name="appperm.permission-group.TEST_GROUP1"
23-->src\main\AndroidManifest.xml:15:9-60
24        android:description="@string/descripcion_grupo_prueba"
24-->src\main\AndroidManifest.xml:16:9-63
25        android:label="TEST_GROUP" />
25-->src\main\AndroidManifest.xml:17:9-35
26
27    <permission
27-->src\main\AndroidManifest.xml:18:5-22:60
28        android:name="appperm.permission.TEST_PERMISSION1"
28-->src\main\AndroidManifest.xml:19:9-59
29        android:description="@string/descripción_prueba1"
29-->src\main\AndroidManifest.xml:22:9-58
30        android:permissionGroup="appperm.permission-group.TEST_GROUP"
30-->src\main\AndroidManifest.xml:21:9-70
31        android:protectionLevel="normal" />
31-->src\main\AndroidManifest.xml:20:9-41
32    <permission
32-->src\main\AndroidManifest.xml:23:5-26:60
33        android:name="appperm.permission.TEST_PERMISSION2"
33-->src\main\AndroidManifest.xml:24:9-59
34        android:description="@string/descripción_prueba2"
34-->src\main\AndroidManifest.xml:26:9-58
35        android:protectionLevel="dangerous" />
35-->src\main\AndroidManifest.xml:25:9-44
36    <permission
36-->src\main\AndroidManifest.xml:27:5-31:60
37        android:name="appperm.permission.TEST_PERMISSION3"
37-->src\main\AndroidManifest.xml:28:9-59
38        android:description="@string/descripción_prueba3"
38-->src\main\AndroidManifest.xml:31:9-58
39        android:permissionGroup="appperm.permission-group.TEST_GROUP"
39-->src\main\AndroidManifest.xml:30:9-70
40        android:protectionLevel="signature" />
40-->src\main\AndroidManifest.xml:29:9-44
41
42    <uses-permission android:name="appperm.permission.TEST_PERMISSION1" />
42-->src\main\AndroidManifest.xml:33:5-74
42-->src\main\AndroidManifest.xml:33:22-72
43    <uses-permission android:name="appperm.permission.TEST_PERMISSION2" />
43-->src\main\AndroidManifest.xml:34:5-74
43-->src\main\AndroidManifest.xml:34:22-72
44    <uses-permission android:name="appperm.permission.TEST_PERMISSION3" />
44-->src\main\AndroidManifest.xml:35:5-74
44-->src\main\AndroidManifest.xml:35:22-72
45    <uses-permission android:name="android.permission.GET_PERMISSIONS" />
45-->src\main\AndroidManifest.xml:36:5-74
45-->src\main\AndroidManifest.xml:36:22-71
46    <uses-permission android:name="appperm.permission.TEST_PERMISSION2" />
46-->src\main\AndroidManifest.xml:34:5-74
46-->src\main\AndroidManifest.xml:34:22-72
47    <uses-permission android:name="appperm.permission.TEST_PERMISSION3" />
47-->src\main\AndroidManifest.xml:35:5-74
47-->src\main\AndroidManifest.xml:35:22-72
48    <uses-permission android:name="appperm.permission.TEST_PERMISSION1" />
48-->src\main\AndroidManifest.xml:33:5-74
48-->src\main\AndroidManifest.xml:33:22-72
49    <uses-permission android:name="appperm.permission.TEST1" />
49-->src\main\AndroidManifest.xml:40:5-63
49-->src\main\AndroidManifest.xml:40:22-61
50    <uses-permission android:name="appperm.permission.TEST2" />
50-->src\main\AndroidManifest.xml:41:5-63
50-->src\main\AndroidManifest.xml:41:22-61
51    <uses-permission android:name="appperm.permission.TEST3" />
51-->src\main\AndroidManifest.xml:42:5-63
51-->src\main\AndroidManifest.xml:42:22-61
52    <uses-permission android:name="appperm.permission.TEST4" />
52-->src\main\AndroidManifest.xml:43:5-63
52-->src\main\AndroidManifest.xml:43:22-61
53    <uses-permission android:name="appperm.permission.TEST5" />
53-->src\main\AndroidManifest.xml:44:5-63
53-->src\main\AndroidManifest.xml:44:22-61
54    <uses-permission android:name="android.permission.ACCESS_MESSAGES_ON_ICC" />
54-->src\main\AndroidManifest.xml:45:5-80
54-->src\main\AndroidManifest.xml:45:22-78
55    <uses-permission android:name="android.permission.BIND_CELL_BROADCAST_SERVICE" />
55-->src\main\AndroidManifest.xml:46:5-85
55-->src\main\AndroidManifest.xml:46:22-83
56    <uses-permission android:name="android.permission.MANAGE_EXTERNAL_STORAGE" />
56-->src\main\AndroidManifest.xml:47:5-81
56-->src\main\AndroidManifest.xml:47:22-79
57    <uses-permission android:name="android.permission.MANAGE_MEDIA" />
57-->src\main\AndroidManifest.xml:48:5-70
57-->src\main\AndroidManifest.xml:48:22-68
58    <uses-permission android:name="android.permission.READ_BASIC_PHONE_STATE" />
58-->src\main\AndroidManifest.xml:49:5-80
58-->src\main\AndroidManifest.xml:49:22-78
59    <uses-permission android:name="android.permission.MANAGE_OWN_CALLS" />
59-->src\main\AndroidManifest.xml:50:5-74
59-->src\main\AndroidManifest.xml:50:22-72
60    <uses-permission android:name="android.permission.CALL_COMPANION_APP" />
60-->src\main\AndroidManifest.xml:51:5-76
60-->src\main\AndroidManifest.xml:51:22-74
61    <uses-permission android:name="android.permission.SYSTEM_CAMERA" />
61-->src\main\AndroidManifest.xml:52:5-71
61-->src\main\AndroidManifest.xml:52:22-69
62    <uses-permission android:name="android.permission.CAMERA_OPEN_CLOSE_LISTENER" />
62-->src\main\AndroidManifest.xml:53:5-84
62-->src\main\AndroidManifest.xml:53:22-82
63    <uses-permission android:name="android.permission.HIGH_SAMPLING_RATE_SENSORS" />
63-->src\main\AndroidManifest.xml:54:5-84
63-->src\main\AndroidManifest.xml:54:22-82
64    <uses-permission android:name="android.permission.USE_FINGERPRINT" />
64-->src\main\AndroidManifest.xml:55:5-73
64-->src\main\AndroidManifest.xml:55:22-71
65    <uses-permission android:name="android.permission.USE_BIOMETRIC" />
65-->src\main\AndroidManifest.xml:56:5-71
65-->src\main\AndroidManifest.xml:56:22-69
66    <uses-permission android:name="android.permission.READ_PROFILE" />
66-->src\main\AndroidManifest.xml:57:5-70
66-->src\main\AndroidManifest.xml:57:22-68
67    <uses-permission android:name="android.permission.WRITE_PROFILE" />
67-->src\main\AndroidManifest.xml:58:5-71
67-->src\main\AndroidManifest.xml:58:22-69
68    <uses-permission android:name="android.permission.READ_SOCIAL_STREAM" />
68-->src\main\AndroidManifest.xml:59:5-76
68-->src\main\AndroidManifest.xml:59:22-74
69    <uses-permission android:name="android.permission.WRITE_SOCIAL_STREAM" />
69-->src\main\AndroidManifest.xml:60:5-77
69-->src\main\AndroidManifest.xml:60:22-75
70    <uses-permission android:name="android.permission.READ_USER_DICTIONARY" />
70-->src\main\AndroidManifest.xml:61:5-78
70-->src\main\AndroidManifest.xml:61:22-76
71    <uses-permission android:name="android.permission.WRITE_USER_DICTIONARY" />
71-->src\main\AndroidManifest.xml:62:5-79
71-->src\main\AndroidManifest.xml:62:22-77
72    <uses-permission android:name="android.permission.WRITE_SMS" />
72-->src\main\AndroidManifest.xml:63:5-67
72-->src\main\AndroidManifest.xml:63:22-65
73    <uses-permission android:name="com.android.browser.permission.READ_HISTORY_BOOKMARKS" />
73-->src\main\AndroidManifest.xml:64:5-92
73-->src\main\AndroidManifest.xml:64:22-90
74    <uses-permission android:name="com.android.browser.permission.WRITE_HISTORY_BOOKMARKS" />
74-->src\main\AndroidManifest.xml:65:5-93
74-->src\main\AndroidManifest.xml:65:22-91
75    <uses-permission android:name="android.permission.AUTHENTICATE_ACCOUNTS" />
75-->src\main\AndroidManifest.xml:66:5-79
75-->src\main\AndroidManifest.xml:66:22-77
76    <uses-permission android:name="android.permission.MANAGE_ACCOUNTS" />
76-->src\main\AndroidManifest.xml:67:5-73
76-->src\main\AndroidManifest.xml:67:22-71
77    <uses-permission android:name="android.permission.USE_CREDENTIALS" />
77-->src\main\AndroidManifest.xml:68:5-73
77-->src\main\AndroidManifest.xml:68:22-71
78    <uses-permission android:name="android.permission.SUBSCRIBED_FEEDS_READ" />
78-->src\main\AndroidManifest.xml:69:5-79
78-->src\main\AndroidManifest.xml:69:22-77
79    <uses-permission android:name="android.permission.SUBSCRIBED_FEEDS_WRITE" />
79-->src\main\AndroidManifest.xml:70:5-80
79-->src\main\AndroidManifest.xml:70:22-78
80    <uses-permission android:name="android.permission.FLASHLIGHT" />
80-->src\main\AndroidManifest.xml:71:5-68
80-->src\main\AndroidManifest.xml:71:22-66
81    <uses-permission android:name="com.android.alarm.permission.SET_ALARM" />
81-->src\main\AndroidManifest.xml:72:5-77
81-->src\main\AndroidManifest.xml:72:22-75
82    <uses-permission android:name="android.permission.ACCESS_LOCATION_EXTRA_COMMANDS" />
82-->src\main\AndroidManifest.xml:73:5-88
82-->src\main\AndroidManifest.xml:73:22-86
83    <uses-permission android:name="android.permission.BIND_TIME_ZONE_PROVIDER_SERVICE" />
83-->src\main\AndroidManifest.xml:74:5-89
83-->src\main\AndroidManifest.xml:74:22-87
84    <uses-permission android:name="android.permission.ACCESS_MOCK_LOCATION" />
84-->src\main\AndroidManifest.xml:75:5-78
84-->src\main\AndroidManifest.xml:75:22-76
85    <uses-permission android:name="android.permission.INTERNET" />
85-->src\main\AndroidManifest.xml:76:5-66
85-->src\main\AndroidManifest.xml:76:22-64
86    <uses-permission android:name="android.permission.ACCESS_NETWORK_STATE" />
86-->src\main\AndroidManifest.xml:77:5-78
86-->src\main\AndroidManifest.xml:77:22-76
87    <uses-permission android:name="android.permission.ACCESS_WIFI_STATE" />
87-->src\main\AndroidManifest.xml:78:5-75
87-->src\main\AndroidManifest.xml:78:22-73
88    <uses-permission android:name="android.permission.CHANGE_WIFI_STATE" />
88-->src\main\AndroidManifest.xml:79:5-75
88-->src\main\AndroidManifest.xml:79:22-73
89    <uses-permission android:name="android.permission.MANAGE_IPSEC_TUNNELS" />
89-->src\main\AndroidManifest.xml:80:5-78
89-->src\main\AndroidManifest.xml:80:22-76
90    <uses-permission android:name="android.permission.MANAGE_TEST_NETWORKS" />
90-->src\main\AndroidManifest.xml:81:5-78
90-->src\main\AndroidManifest.xml:81:22-76
91    <uses-permission android:name="android.permission.MANAGE_REMOTE_AUTH" />
91-->src\main\AndroidManifest.xml:82:5-76
91-->src\main\AndroidManifest.xml:82:22-74
92    <uses-permission android:name="android.permission.USE_REMOTE_AUTH" />
92-->src\main\AndroidManifest.xml:83:5-73
92-->src\main\AndroidManifest.xml:83:22-71
93    <uses-permission android:name="android.permission.REQUEST_NETWORK_SCORES" />
93-->src\main\AndroidManifest.xml:84:5-80
93-->src\main\AndroidManifest.xml:84:22-78
94    <uses-permission android:name="android.permission.NETWORK_AIRPLANE_MODE" />
94-->src\main\AndroidManifest.xml:85:5-79
94-->src\main\AndroidManifest.xml:85:22-77
95    <uses-permission android:name="android.permission.NETWORK_STACK" />
95-->src\main\AndroidManifest.xml:86:5-71
95-->src\main\AndroidManifest.xml:86:22-69
96    <uses-permission android:name="android.permission.OBSERVE_NETWORK_POLICY" />
96-->src\main\AndroidManifest.xml:87:5-80
96-->src\main\AndroidManifest.xml:87:22-78
97    <uses-permission android:name="android.permission.NETWORK_FACTORY" />
97-->src\main\AndroidManifest.xml:88:5-73
97-->src\main\AndroidManifest.xml:88:22-71
98    <uses-permission android:name="android.permission.NETWORK_STATS_PROVIDER" />
98-->src\main\AndroidManifest.xml:89:5-80
98-->src\main\AndroidManifest.xml:89:22-78
99    <uses-permission android:name="android.permission.NETWORK_SETTINGS" />
99-->src\main\AndroidManifest.xml:90:5-74
99-->src\main\AndroidManifest.xml:90:22-72
100    <uses-permission android:name="android.permission.RADIO_SCAN_WITHOUT_LOCATION" />
100-->src\main\AndroidManifest.xml:91:5-85
100-->src\main\AndroidManifest.xml:91:22-83
101    <uses-permission android:name="android.permission.NETWORK_SETUP_WIZARD" />
101-->src\main\AndroidManifest.xml:92:5-78
101-->src\main\AndroidManifest.xml:92:22-76
102    <uses-permission android:name="android.permission.NETWORK_MANAGED_PROVISIONING" />
102-->src\main\AndroidManifest.xml:93:5-86
102-->src\main\AndroidManifest.xml:93:22-84
103    <uses-permission android:name="android.permission.NETWORK_BYPASS_PRIVATE_DNS" />
103-->src\main\AndroidManifest.xml:94:5-84
103-->src\main\AndroidManifest.xml:94:22-82
104    <uses-permission android:name="android.permission.WIFI_UPDATE_COEX_UNSAFE_CHANNELS" />
104-->src\main\AndroidManifest.xml:95:5-90
104-->src\main\AndroidManifest.xml:95:22-88
105    <uses-permission android:name="android.permission.WIFI_ACCESS_COEX_UNSAFE_CHANNELS" />
105-->src\main\AndroidManifest.xml:96:5-90
105-->src\main\AndroidManifest.xml:96:22-88
106    <uses-permission android:name="android.permission.MANAGE_WIFI_COUNTRY_CODE" />
106-->src\main\AndroidManifest.xml:97:5-82
106-->src\main\AndroidManifest.xml:97:22-80
107    <uses-permission android:name="android.permission.CONTROL_OEM_PAID_NETWORK_PREFERENCE" />
107-->src\main\AndroidManifest.xml:98:5-93
107-->src\main\AndroidManifest.xml:98:22-91
108    <uses-permission android:name="android.permission.MANAGE_ETHERNET_NETWORKS" />
108-->src\main\AndroidManifest.xml:99:5-82
108-->src\main\AndroidManifest.xml:99:22-80
109    <uses-permission android:name="android.permission.REGISTER_NSD_OFFLOAD_ENGINE" />
109-->src\main\AndroidManifest.xml:100:5-85
109-->src\main\AndroidManifest.xml:100:22-83
110    <uses-permission android:name="android.permission.BLUETOOTH" />
110-->src\main\AndroidManifest.xml:101:5-67
110-->src\main\AndroidManifest.xml:101:22-65
111    <uses-permission android:name="android.permission.SUSPEND_APPS" />
111-->src\main\AndroidManifest.xml:102:5-70
111-->src\main\AndroidManifest.xml:102:22-68
112    <uses-permission android:name="android.permission.BLUETOOTH_ADMIN" />
112-->src\main\AndroidManifest.xml:103:5-73
112-->src\main\AndroidManifest.xml:103:22-71
113    <uses-permission android:name="android.permission.BLUETOOTH_MAP" />
113-->src\main\AndroidManifest.xml:104:5-71
113-->src\main\AndroidManifest.xml:104:22-69
114    <uses-permission android:name="android.permission.BLUETOOTH_STACK" />
114-->src\main\AndroidManifest.xml:105:5-73
114-->src\main\AndroidManifest.xml:105:22-71
115    <uses-permission android:name="android.permission.VIRTUAL_INPUT_DEVICE" />
115-->src\main\AndroidManifest.xml:106:5-78
115-->src\main\AndroidManifest.xml:106:22-76
116    <uses-permission android:name="android.permission.NFC" />
116-->src\main\AndroidManifest.xml:107:5-61
116-->src\main\AndroidManifest.xml:107:22-59
117    <uses-permission android:name="android.permission.NFC_TRANSACTION_EVENT" />
117-->src\main\AndroidManifest.xml:108:5-79
117-->src\main\AndroidManifest.xml:108:22-77
118    <uses-permission android:name="android.permission.NFC_PREFERRED_PAYMENT_INFO" />
118-->src\main\AndroidManifest.xml:109:5-84
118-->src\main\AndroidManifest.xml:109:22-82
119    <uses-permission android:name="android.permission.MANAGE_BLUETOOTH_WHEN_WIRELESS_CONSENT_REQUIRED" />
119-->src\main\AndroidManifest.xml:110:5-105
119-->src\main\AndroidManifest.xml:110:22-103
120    <uses-permission android:name="android.permission.ENABLE_TEST_HARNESS_MODE" />
120-->src\main\AndroidManifest.xml:111:5-82
120-->src\main\AndroidManifest.xml:111:22-80
121    <uses-permission android:name="android.permission.ACCOUNT_MANAGER" />
121-->src\main\AndroidManifest.xml:112:5-73
121-->src\main\AndroidManifest.xml:112:22-71
122    <uses-permission android:name="android.permission.CHANGE_WIFI_MULTICAST_STATE" />
122-->src\main\AndroidManifest.xml:113:5-85
122-->src\main\AndroidManifest.xml:113:22-83
123    <uses-permission android:name="android.permission.VIBRATE" />
123-->src\main\AndroidManifest.xml:114:5-65
123-->src\main\AndroidManifest.xml:114:22-63
124    <uses-permission android:name="android.permission.VIBRATE_ALWAYS_ON" />
124-->src\main\AndroidManifest.xml:115:5-75
124-->src\main\AndroidManifest.xml:115:22-73
125    <uses-permission android:name="android.permission.WAKE_LOCK" />
125-->src\main\AndroidManifest.xml:116:5-67
125-->src\main\AndroidManifest.xml:116:22-65
126    <uses-permission android:name="android.permission.TRANSMIT_IR" />
126-->src\main\AndroidManifest.xml:117:5-69
126-->src\main\AndroidManifest.xml:117:22-67
127    <uses-permission android:name="android.permission.MODIFY_AUDIO_SETTINGS" />
127-->src\main\AndroidManifest.xml:118:5-79
127-->src\main\AndroidManifest.xml:118:22-77
128    <uses-permission android:name="android.permission.DETECT_SCREEN_CAPTURE" />
128-->src\main\AndroidManifest.xml:119:5-79
128-->src\main\AndroidManifest.xml:119:22-77
129    <uses-permission android:name="android.permission.TRIGGER_LOST_MODE" />
129-->src\main\AndroidManifest.xml:120:5-75
129-->src\main\AndroidManifest.xml:120:22-73
130    <uses-permission android:name="android.permission.HARDWARE_TEST" />
130-->src\main\AndroidManifest.xml:121:5-71
130-->src\main\AndroidManifest.xml:121:22-69
131    <uses-permission android:name="android.permission.MANAGE_DYNAMIC_SYSTEM" />
131-->src\main\AndroidManifest.xml:122:5-79
131-->src\main\AndroidManifest.xml:122:22-77
132    <uses-permission android:name="android.permission.NET_ADMIN" />
132-->src\main\AndroidManifest.xml:123:5-67
132-->src\main\AndroidManifest.xml:123:22-65
133    <uses-permission android:name="android.permission.REMOTE_AUDIO_PLAYBACK" />
133-->src\main\AndroidManifest.xml:124:5-79
133-->src\main\AndroidManifest.xml:124:22-77
134    <uses-permission android:name="android.permission.OEM_UNLOCK_STATE" />
134-->src\main\AndroidManifest.xml:125:5-74
134-->src\main\AndroidManifest.xml:125:22-72
135    <uses-permission android:name="android.permission.ACCESS_PDB_STATE" />
135-->src\main\AndroidManifest.xml:126:5-74
135-->src\main\AndroidManifest.xml:126:22-72
136    <uses-permission android:name="android.permission.TEST_BLACKLISTED_PASSWORD" />
136-->src\main\AndroidManifest.xml:127:5-83
136-->src\main\AndroidManifest.xml:127:22-81
137    <uses-permission android:name="android.permission.CAMERA_INJECT_EXTERNAL_CAMERA" />
137-->src\main\AndroidManifest.xml:128:5-87
137-->src\main\AndroidManifest.xml:128:22-85
138    <uses-permission android:name="android.permission.GRANT_RUNTIME_PERMISSIONS_TO_TELEPHONY_DEFAULTS" />
138-->src\main\AndroidManifest.xml:129:5-105
138-->src\main\AndroidManifest.xml:129:22-103
139    <uses-permission android:name="android.permission.USE_ICC_AUTH_WITH_DEVICE_IDENTIFIER" />
139-->src\main\AndroidManifest.xml:130:5-93
139-->src\main\AndroidManifest.xml:130:22-91
140    <uses-permission android:name="android.permission.READ_ACTIVE_EMERGENCY_SESSION" />
140-->src\main\AndroidManifest.xml:131:5-87
140-->src\main\AndroidManifest.xml:131:22-85
141    <uses-permission android:name="android.permission.LISTEN_ALWAYS_REPORTED_SIGNAL_STRENGTH" />
141-->src\main\AndroidManifest.xml:132:5-96
141-->src\main\AndroidManifest.xml:132:22-94
142    <uses-permission android:name="android.permission.BIND_CALL_STREAMING_SERVICE" />
142-->src\main\AndroidManifest.xml:133:5-85
142-->src\main\AndroidManifest.xml:133:22-83
143    <uses-permission android:name="android.permission.MANAGE_ONGOING_CALLS" />
143-->src\main\AndroidManifest.xml:134:5-78
143-->src\main\AndroidManifest.xml:134:22-76
144    <uses-permission android:name="android.permission.BIND_PHONE_ACCOUNT_SUGGESTION_SERVICE" />
144-->src\main\AndroidManifest.xml:135:5-95
144-->src\main\AndroidManifest.xml:135:22-93
145    <uses-permission android:name="android.permission.BIND_CALL_DIAGNOSTIC_SERVICE" />
145-->src\main\AndroidManifest.xml:136:5-86
145-->src\main\AndroidManifest.xml:136:22-84
146    <uses-permission android:name="android.permission.MANAGE_SENSORS" />
146-->src\main\AndroidManifest.xml:137:5-72
146-->src\main\AndroidManifest.xml:137:22-70
147    <uses-permission android:name="android.permission.BIND_SATELLITE_GATEWAY_SERVICE" />
147-->src\main\AndroidManifest.xml:138:5-88
147-->src\main\AndroidManifest.xml:138:22-86
148    <uses-permission android:name="android.permission.BIND_TELEPHONY_DATA_SERVICE" />
148-->src\main\AndroidManifest.xml:139:5-85
148-->src\main\AndroidManifest.xml:139:22-83
149    <uses-permission android:name="android.permission.BIND_TELEPHONY_NETWORK_SERVICE" />
149-->src\main\AndroidManifest.xml:140:5-88
149-->src\main\AndroidManifest.xml:140:22-86
150    <uses-permission android:name="android.permission.BIND_EUICC_SERVICE" />
150-->src\main\AndroidManifest.xml:141:5-76
150-->src\main\AndroidManifest.xml:141:22-74
151    <uses-permission android:name="android.permission.READ_CARRIER_APP_INFO" />
151-->src\main\AndroidManifest.xml:142:5-79
151-->src\main\AndroidManifest.xml:142:22-77
152    <uses-permission android:name="android.permission.BIND_GBA_SERVICE" />
152-->src\main\AndroidManifest.xml:143:5-74
152-->src\main\AndroidManifest.xml:143:22-72
153    <uses-permission android:name="android.permission.MANAGE_DOCUMENTS" />
153-->src\main\AndroidManifest.xml:144:5-74
153-->src\main\AndroidManifest.xml:144:22-72
154    <uses-permission android:name="android.permission.MANAGE_CRATES" />
154-->src\main\AndroidManifest.xml:145:5-71
154-->src\main\AndroidManifest.xml:145:22-69
155    <uses-permission android:name="android.permission.CACHE_CONTENT" />
155-->src\main\AndroidManifest.xml:146:5-71
155-->src\main\AndroidManifest.xml:146:22-69
156    <uses-permission android:name="android.permission.DISABLE_KEYGUARD" />
156-->src\main\AndroidManifest.xml:147:5-74
156-->src\main\AndroidManifest.xml:147:22-72
157    <uses-permission android:name="android.permission.REQUEST_PASSWORD_COMPLEXITY" />
157-->src\main\AndroidManifest.xml:148:5-85
157-->src\main\AndroidManifest.xml:148:22-83
158    <uses-permission android:name="android.permission.GET_TASKS" />
158-->src\main\AndroidManifest.xml:149:5-67
158-->src\main\AndroidManifest.xml:149:22-65
159    <uses-permission android:name="android.permission.INTERACT_ACROSS_USERS_FULL" />
159-->src\main\AndroidManifest.xml:150:5-84
159-->src\main\AndroidManifest.xml:150:22-82
160    <uses-permission android:name="android.permission.INTERACT_ACROSS_PROFILES" />
160-->src\main\AndroidManifest.xml:151:5-82
160-->src\main\AndroidManifest.xml:151:22-80
161    <uses-permission android:name="android.permission.START_CROSS_PROFILE_ACTIVITIES" />
161-->src\main\AndroidManifest.xml:152:5-88
161-->src\main\AndroidManifest.xml:152:22-86
162    <uses-permission android:name="android.permission.CONFIGURE_INTERACT_ACROSS_PROFILES" />
162-->src\main\AndroidManifest.xml:153:5-92
162-->src\main\AndroidManifest.xml:153:22-90
163    <uses-permission android:name="android.permission.CREATE_USERS" />
163-->src\main\AndroidManifest.xml:154:5-70
163-->src\main\AndroidManifest.xml:154:22-68
164    <uses-permission android:name="android.permission.MANAGE_SUBSCRIPTION_USER_ASSOCIATION" />
164-->src\main\AndroidManifest.xml:155:5-94
164-->src\main\AndroidManifest.xml:155:22-92
165    <uses-permission android:name="android.permission.MANAGE_PROFILE_AND_DEVICE_OWNERS" />
165-->src\main\AndroidManifest.xml:156:5-90
165-->src\main\AndroidManifest.xml:156:22-88
166    <uses-permission android:name="android.permission.QUERY_ADMIN_POLICY" />
166-->src\main\AndroidManifest.xml:157:5-76
166-->src\main\AndroidManifest.xml:157:22-74
167    <uses-permission android:name="android.permission.PROVISION_DEMO_DEVICE" />
167-->src\main\AndroidManifest.xml:158:5-79
167-->src\main\AndroidManifest.xml:158:22-77
168    <uses-permission android:name="android.permission.CLEAR_FREEZE_PERIOD" />
168-->src\main\AndroidManifest.xml:159:5-77
168-->src\main\AndroidManifest.xml:159:22-75
169    <uses-permission android:name="android.permission.FORCE_DEVICE_POLICY_MANAGER_LOGS" />
169-->src\main\AndroidManifest.xml:160:5-90
169-->src\main\AndroidManifest.xml:160:22-88
170    <uses-permission android:name="android.permission.GET_DETAILED_TASKS" />
170-->src\main\AndroidManifest.xml:161:5-76
170-->src\main\AndroidManifest.xml:161:22-74
171    <uses-permission android:name="android.permission.REORDER_TASKS" />
171-->src\main\AndroidManifest.xml:162:5-71
171-->src\main\AndroidManifest.xml:162:22-69
172    <uses-permission android:name="android.permission.REMOVE_TASKS" />
172-->src\main\AndroidManifest.xml:163:5-70
172-->src\main\AndroidManifest.xml:163:22-68
173    <uses-permission android:name="android.permission.MANAGE_ACTIVITY_STACKS" />
173-->src\main\AndroidManifest.xml:164:5-80
173-->src\main\AndroidManifest.xml:164:22-78
174    <uses-permission android:name="android.permission.MANAGE_ACTIVITY_TASKS" />
174-->src\main\AndroidManifest.xml:165:5-79
174-->src\main\AndroidManifest.xml:165:22-77
175    <uses-permission android:name="android.permission.START_ANY_ACTIVITY" />
175-->src\main\AndroidManifest.xml:166:5-76
175-->src\main\AndroidManifest.xml:166:22-74
176    <uses-permission android:name="android.permission.SEND_SHOW_SUSPENDED_APP_DETAILS" />
176-->src\main\AndroidManifest.xml:167:5-89
176-->src\main\AndroidManifest.xml:167:22-87
177    <uses-permission android:name="android.permission.START_ACTIVITY_AS_CALLER" />
177-->src\main\AndroidManifest.xml:168:5-82
177-->src\main\AndroidManifest.xml:168:22-80
178    <uses-permission android:name="android.permission.RESTART_PACKAGES" />
178-->src\main\AndroidManifest.xml:169:5-74
178-->src\main\AndroidManifest.xml:169:22-72
179    <uses-permission android:name="android.permission.KILL_BACKGROUND_PROCESSES" />
179-->src\main\AndroidManifest.xml:170:5-83
179-->src\main\AndroidManifest.xml:170:22-81
180    <uses-permission android:name="android.permission.GET_INTENT_SENDER_INTENT" />
180-->src\main\AndroidManifest.xml:171:5-82
180-->src\main\AndroidManifest.xml:171:22-80
181    <uses-permission android:name="android.permission.SYSTEM_ALERT_WINDOW" />
181-->src\main\AndroidManifest.xml:172:5-77
181-->src\main\AndroidManifest.xml:172:22-75
182    <uses-permission android:name="android.permission.SYSTEM_APPLICATION_OVERLAY" />
182-->src\main\AndroidManifest.xml:173:5-84
182-->src\main\AndroidManifest.xml:173:22-82
183    <uses-permission android:name="android.permission.RUN_IN_BACKGROUND" />
183-->src\main\AndroidManifest.xml:174:5-75
183-->src\main\AndroidManifest.xml:174:22-73
184    <uses-permission android:name="android.permission.USE_DATA_IN_BACKGROUND" />
184-->src\main\AndroidManifest.xml:175:5-80
184-->src\main\AndroidManifest.xml:175:22-78
185    <uses-permission android:name="android.permission.REQUEST_COMPANION_RUN_IN_BACKGROUND" />
185-->src\main\AndroidManifest.xml:176:5-93
185-->src\main\AndroidManifest.xml:176:22-91
186    <uses-permission android:name="android.permission.REQUEST_COMPANION_START_FOREGROUND_SERVICES_FROM_BACKGROUND" />
186-->src\main\AndroidManifest.xml:177:5-117
186-->src\main\AndroidManifest.xml:177:22-115
187    <uses-permission android:name="android.permission.REQUEST_COMPANION_USE_DATA_IN_BACKGROUND" />
187-->src\main\AndroidManifest.xml:178:5-98
187-->src\main\AndroidManifest.xml:178:22-96
188    <uses-permission android:name="android.permission.REQUEST_COMPANION_PROFILE_WATCH" />
188-->src\main\AndroidManifest.xml:179:5-89
188-->src\main\AndroidManifest.xml:179:22-87
189    <uses-permission android:name="android.permission.REQUEST_COMPANION_PROFILE_GLASSES" />
189-->src\main\AndroidManifest.xml:180:5-91
189-->src\main\AndroidManifest.xml:180:22-89
190    <uses-permission android:name="android.permission.READ_PROJECTION_STATE" />
190-->src\main\AndroidManifest.xml:181:5-79
190-->src\main\AndroidManifest.xml:181:22-77
191    <uses-permission android:name="android.permission.HIDE_OVERLAY_WINDOWS" />
191-->src\main\AndroidManifest.xml:182:5-78
191-->src\main\AndroidManifest.xml:182:22-76
192    <uses-permission android:name="android.permission.SET_WALLPAPER" />
192-->src\main\AndroidManifest.xml:183:5-71
192-->src\main\AndroidManifest.xml:183:22-69
193    <uses-permission android:name="android.permission.SET_WALLPAPER_HINTS" />
193-->src\main\AndroidManifest.xml:184:5-77
193-->src\main\AndroidManifest.xml:184:22-75
194    <uses-permission android:name="android.permission.SUGGEST_TELEPHONY_TIME_AND_ZONE" />
194-->src\main\AndroidManifest.xml:185:5-89
194-->src\main\AndroidManifest.xml:185:22-87
195    <uses-permission android:name="android.permission.SUGGEST_MANUAL_TIME_AND_ZONE" />
195-->src\main\AndroidManifest.xml:186:5-86
195-->src\main\AndroidManifest.xml:186:22-84
196    <uses-permission android:name="android.permission.EXPAND_STATUS_BAR" />
196-->src\main\AndroidManifest.xml:187:5-75
196-->src\main\AndroidManifest.xml:187:22-73
197    <uses-permission android:name="com.android.launcher.permission.INSTALL_SHORTCUT" />
197-->src\main\AndroidManifest.xml:188:5-87
197-->src\main\AndroidManifest.xml:188:22-85
198    <uses-permission android:name="com.android.launcher.permission.UNINSTALL_SHORTCUT" />
198-->src\main\AndroidManifest.xml:189:5-89
198-->src\main\AndroidManifest.xml:189:22-87
199    <uses-permission android:name="android.permission.READ_SYNC_SETTINGS" />
199-->src\main\AndroidManifest.xml:190:5-76
199-->src\main\AndroidManifest.xml:190:22-74
200    <uses-permission android:name="android.permission.WRITE_SYNC_SETTINGS" />
200-->src\main\AndroidManifest.xml:191:5-77
200-->src\main\AndroidManifest.xml:191:22-75
201    <uses-permission android:name="android.permission.READ_SYNC_STATS" />
201-->src\main\AndroidManifest.xml:192:5-73